<?xml version="1.0" encoding="UTF-8"?>
<testng-results ignored="0" total="1" passed="1" failed="0" skipped="0">
  <reporter-output>
  </reporter-output>
  <suite started-at="2022-11-04T11:40:23 IST" name="Surefire suite" finished-at="2022-11-04T11:41:06 IST" duration-ms="42497">
    <groups>
      <group name="cucumber">
        <method signature="AbstractTestNGCucumberTests.runScenario(io.cucumber.testng.PickleWrapper,io.cucumber.testng.FeatureWrapper)[pri:0, instance:cucumber123.Test_runner_guru99@2928854b]" name="runScenario" class="io.cucumber.testng.AbstractTestNGCucumberTests"/>
      </group> <!-- cucumber -->
    </groups>
    <test started-at="2022-11-04T11:40:23 IST" name="Surefire test" finished-at="2022-11-04T11:41:06 IST" duration-ms="42497">
      <class name="cucumber123.Test_runner_guru99">
        <test-method is-config="true" signature="setUpClass(org.testng.ITestContext)[pri:0, instance:cucumber123.Test_runner_guru99@2928854b]" started-at="2022-11-04T11:40:23 IST" name="setUpClass" finished-at="2022-11-04T11:40:25 IST" duration-ms="1567" status="PASS">
          <params>
            <param index="0">
              <value>
                <![CDATA[org.testng.TestRunner@1931d99]]>
              </value>
            </param>
          </params>
          <reporter-output>
          </reporter-output>
        </test-method> <!-- setUpClass -->
        <test-method signature="runScenario(io.cucumber.testng.PickleWrapper,io.cucumber.testng.FeatureWrapper)[pri:0, instance:cucumber123.Test_runner_guru99@2928854b]" started-at="2022-11-04T11:40:25 IST" name="runScenario" description="Runs Cucumber Scenarios" data-provider="scenarios" finished-at="2022-11-04T11:41:06 IST" duration-ms="40622" status="PASS">
          <params>
            <param index="0">
              <value>
                <![CDATA["To Test login functionality with invalid data"]]>
              </value>
            </param>
            <param index="1">
              <value>
                <![CDATA["Optional[Testing guru99 login]"]]>
              </value>
            </param>
          </params>
          <reporter-output>
          </reporter-output>
        </test-method> <!-- runScenario -->
        <test-method is-config="true" signature="tearDownClass()[pri:0, instance:cucumber123.Test_runner_guru99@2928854b]" started-at="2022-11-04T11:41:06 IST" name="tearDownClass" finished-at="2022-11-04T11:41:06 IST" duration-ms="59" status="PASS">
          <reporter-output>
          </reporter-output>
        </test-method> <!-- tearDownClass -->
      </class> <!-- cucumber123.Test_runner_guru99 -->
    </test> <!-- Surefire test -->
  </suite> <!-- Surefire suite -->
</testng-results>
